Determining if the pthread_create exist failed with the following output:
Change Dir: /home/ubuntu/ros_wksp/build/CMakeFiles/CMakeTmp

Run Build Command:/usr/bin/make "cmTryCompileExec2520149111/fast"
/usr/bin/make -f CMakeFiles/cmTryCompileExec2520149111.dir/build.make CMakeFiles/cmTryCompileExec2520149111.dir/build
make[1]: Entering directory `/home/ubuntu/ros_wksp/build/CMakeFiles/CMakeTmp'
/usr/bin/cmake -E cmake_progress_report /home/ubuntu/ros_wksp/build/CMakeFiles/CMakeTmp/CMakeFiles 1
Building C object CMakeFiles/cmTryCompileExec2520149111.dir/CheckSymbolExists.c.o
/usr/bin/cc    -o CMakeFiles/cmTryCompileExec2520149111.dir/CheckSymbolExists.c.o   -c /home/ubuntu/ros_wksp/build/CMakeFiles/CMakeTmp/CheckSymbolExists.c
Linking C executable cmTryCompileExec2520149111
/usr/bin/cmake -E cmake_link_script CMakeFiles/cmTryCompileExec2520149111.dir/link.txt --verbose=1
/usr/bin/cc       CMakeFiles/cmTryCompileExec2520149111.dir/CheckSymbolExists.c.o  -o cmTryCompileExec2520149111 -rdynamic 
CMakeFiles/cmTryCompileExec2520149111.dir/CheckSymbolExists.c.o: In function `main':
CheckSymbolExists.c:(.text+0xe): undefined reference to make[1]: Leaving directory `/home/ubuntu/ros_wksp/build/CMakeFiles/CMakeTmp'
`pthread_create'
CheckSymbolExists.c:(.text+0x12): undefined reference to `pthread_create'
collect2: error: ld returned 1 exit status
make[1]: *** [cmTryCompileExec2520149111] Error 1
make: *** [cmTryCompileExec2520149111/fast] Error 2

File /home/ubuntu/ros_wksp/build/CMakeFiles/CMakeTmp/CheckSymbolExists.c:
/* */
#include <pthread.h>

int main(int argc, char** argv)
{
  (void)argv;
#ifndef pthread_create
  return ((int*)(&pthread_create))[argc];
#else
  (void)argc;
  return 0;
#endif
}

Determining if the function pthread_create exists in the pthreads failed with the following output:
Change Dir: /home/ubuntu/ros_wksp/build/CMakeFiles/CMakeTmp

Run Build Command:/usr/bin/make "cmTryCompileExec2241983901/fast"
/usr/bin/make -f CMakeFiles/cmTryCompileExec2241983901.dir/build.make CMakeFiles/cmTryCompileExec2241983901.dir/build
make[1]: Entering directory `/home/ubuntu/ros_wksp/build/CMakeFiles/CMakeTmp'
/usr/bin/cmake -E cmake_progress_report /home/ubuntu/ros_wksp/build/CMakeFiles/CMakeTmp/CMakeFiles 1
Building C object CMakeFiles/cmTryCompileExec2241983901.dir/CheckFunctionExists.c.o
/usr/bin/cc   -DCHECK_FUNCTION_EXISTS=pthread_create   -o CMakeFiles/cmTryCompileExec2241983901.dir/CheckFunctionExists.c.o   -c /usr/share/cmake-2.8/Modules/CheckFunctionExists.c
Linking C executable cmTryCompileExec2241983901
/usr/bin/cmake -E cmake_link_script CMakeFiles/cmTryCompileExec2241983901.dir/link.txt --verbose=1
/usr/bin/cc   -DCHECK_FUNCTION_EXISTS=pthread_create    CMakeFiles/cmTryCompileExec2241983901.dir/CheckFunctionExists.c.o  -o cmTryCompileExec2241983901 -rdynamic -lpthreads 
/usr/bin/ld: cannot find -lpthreads
collect2: error: ld returned 1 exit status
make[1]: Leaving directory `/home/ubuntu/ros_wksp/build/CMakeFiles/CMakeTmp'
make[1]: *** [cmTryCompileExec2241983901] Error 1
make: *** [cmTryCompileExec2241983901/fast] Error 2


